#
# A fatal error has been detected by the Java Runtime Environment:
#
#  EXCEPTION_ACCESS_VIOLATION (0xc0000005) at pc=0x63a81fc9, pid=4116, tid=7088
#
# JRE version: Java(TM) SE Runtime Environment (7.0_45-b18) (build 1.7.0_45-b18)
# Java VM: Java HotSpot(TM) Client VM (24.45-b08 mixed mode, sharing windows-x86 )
# Problematic frame:
# C  0x63a81fc9
#
# Failed to write core dump. Minidumps are not enabled by default on client versions of Windows
#
# If you would like to submit a bug report, please visit:
#   http://bugreport.sun.com/bugreport/crash.jsp
# The crash happened outside the Java Virtual Machine in native code.
# See problematic frame for where to report the bug.
#

---------------  T H R E A D  ---------------

Current thread (0x04f41000):  JavaThread "Thread-11" [_thread_in_native, id=7088, stack(0x09090000,0x090e0000)]

siginfo: ExceptionCode=0xc0000005, reading address 0x00000000

Registers:
EAX=0x00000000, EBX=0x68c08080, ECX=0x65850000, EDX=0x00000000
ESP=0x090df4d0, EBP=0x090df4e8, ESI=0x34a9fb20, EDI=0x00ffe798
EIP=0x63a81fc9, EFLAGS=0x00010202

Top of Stack: (sp=0x090df4d0)
0x090df4d0:   00000000 00000001 0000006d 090df580
0x090df4e0:   72381b72 00000000 090df580 63a81516
0x090df4f0:   00000000 68793ec7 68c02540 0000015c
0x090df500:   00000000 00000005 04e8ddf4 68c032d5
0x090df510:   028aac60 04f41000 090df53c 686de1e8
0x090df520:   34a9fb28 34a9fb20 04f41000 68c0254f
0x090df530:   68c08080 34a9fb28 04e8ddf4 090df580
0x090df540:   028ba8da 00f41000 34a9fb28 028ba9dd 

Instructions: (pc=0x63a81fc9)
0x63a81fa9:   
[error occurred during error reporting (printing registers, top of stack, instructions near pc), id 0xc0000005]

Register to memory mapping:

EAX=0x00000000 is an unknown value
EBX=0x68c08080 is an unknown value
ECX=0x65850000 is an unknown value
EDX=0x00000000 is an unknown value
ESP=0x090df4d0 is pointing into the stack for thread: 0x04f41000
EBP=0x090df4e8 is pointing into the stack for thread: 0x04f41000
ESI=0x34a9fb20 is pointing into object: 0x34a9faf0
{constMethod} 
 - klass: {other class}
 - constants:       0x34a9e9a0 constant pool [390] for 'martin/tempest/core/TSDRLibrary' cache=0x34ad0b48
EDI=0x00ffe798 is an unknown value


Stack: [0x09090000,0x090e0000],  sp=0x090df4d0,  free space=317k
Native frames: (J=compiled Java code, j=interpreted, Vv=VM code, C=native code)
C  0x63a81fc9
C  0x63a81516
j  martin.tempest.gui.Main$23.run()V+18
v  ~StubRoutines::call_stub
V  [jvm.dll+0x13f1fa]
V  [jvm.dll+0x202aee]
V  [jvm.dll+0x13f3c5]
V  [jvm.dll+0x13f427]
V  [jvm.dll+0xeb81f]
V  [jvm.dll+0x16042c]
V  [jvm.dll+0x160e67]
V  [jvm.dll+0x1a49f9]
C  [msvcr100.dll+0x5c556]
C  [msvcr100.dll+0x5c600]
C  [KERNEL32.DLL+0x1495d]
C  [ntdll.dll+0x498ee]
C  [ntdll.dll+0x498c4]

Java frames: (J=compiled Java code, j=interpreted, Vv=VM code)
j  martin.tempest.core.TSDRLibrary.stop()V+0
j  martin.tempest.gui.Main$23.run()V+18
v  ~StubRoutines::call_stub

---------------  P R O C E S S  ---------------

Java Threads: ( => current thread )
=>0x04f41000 JavaThread "Thread-11" [_thread_in_native, id=7088, stack(0x09090000,0x090e0000)]
  0x04f40800 JavaThread "Thread-10" [_thread_in_native, id=3128, stack(0x08220000,0x08270000)]
  0x04f35000 JavaThread "Timer-5" [_thread_blocked, id=6456, stack(0x06670000,0x066c0000)]
  0x04f2f000 JavaThread "Timer-4" [_thread_blocked, id=7456, stack(0x065e0000,0x06630000)]
  0x04f27000 JavaThread "Timer-3" [_thread_blocked, id=3308, stack(0x06550000,0x065a0000)]
  0x04f2cc00 JavaThread "Timer-2" [_thread_blocked, id=1408, stack(0x064c0000,0x06510000)]
  0x04f2c400 JavaThread "Timer-1" [_thread_blocked, id=3004, stack(0x06430000,0x06480000)]
  0x04f2bc00 JavaThread "Timer-0" [_thread_blocked, id=4492, stack(0x063a0000,0x063f0000)]
  0x04f20400 JavaThread "TimerQueue" daemon [_thread_blocked, id=7072, stack(0x06310000,0x06360000)]
  0x028ac400 JavaThread "DestroyJavaVM" [_thread_blocked, id=7212, stack(0x00f20000,0x00f70000)]
  0x04e82800 JavaThread "AWT-EventQueue-0" [_thread_blocked, id=6600, stack(0x05490000,0x054e0000)]
  0x04e81400 JavaThread "AWT-Windows" daemon [_thread_in_native, id=7660, stack(0x052c0000,0x05310000)]
  0x0281ec00 JavaThread "AWT-Shutdown" [_thread_blocked, id=7524, stack(0x05230000,0x05280000)]
  0x0281e000 JavaThread "Java2D Disposer" daemon [_thread_blocked, id=6940, stack(0x051a0000,0x051f0000)]
  0x027c3400 JavaThread "Service Thread" daemon [_thread_blocked, id=7512, stack(0x04d90000,0x04de0000)]
  0x027b3800 JavaThread "C1 CompilerThread0" daemon [_thread_blocked, id=7588, stack(0x04d00000,0x04d50000)]
  0x027b1400 JavaThread "Attach Listener" daemon [_thread_blocked, id=3800, stack(0x04c70000,0x04cc0000)]
  0x027af400 JavaThread "Signal Dispatcher" daemon [_thread_blocked, id=7492, stack(0x04be0000,0x04c30000)]
  0x02741800 JavaThread "Finalizer" daemon [_thread_blocked, id=632, stack(0x04b30000,0x04b80000)]
  0x0273f800 JavaThread "Reference Handler" daemon [_thread_blocked, id=6812, stack(0x04aa0000,0x04af0000)]

Other Threads:
  0x0273e000 VMThread [stack: 0x04a10000,0x04a60000] [id=7280]
  0x027d6c00 WatcherThread [stack: 0x04e20000,0x04e70000] [id=6892]

VM state:not at safepoint (normal execution)

VM Mutex/Monitor currently owned by a thread: None

Heap
 def new generation   total 4928K, used 3652K [0x24a70000, 0x24fc0000, 0x29fc0000)
  eden space 4416K,  71% used [0x24a70000, 0x24d81228, 0x24ec0000)
  from space 512K, 100% used [0x24f40000, 0x24fc0000, 0x24fc0000)
  to   space 512K,   0% used [0x24ec0000, 0x24ec0000, 0x24f40000)
 tenured generation   total 10944K, used 1799K [0x29fc0000, 0x2aa70000, 0x34a70000)
   the space 10944K,  16% used [0x29fc0000, 0x2a181cc0, 0x2a181e00, 0x2aa70000)
 compacting perm gen  total 12288K, used 1149K [0x34a70000, 0x35670000, 0x38a70000)
   the space 12288K,   9% used [0x34a70000, 0x34b8f5c0, 0x34b8f600, 0x35670000)
    ro space 10240K,  41% used [0x38a70000, 0x38ea1a78, 0x38ea1c00, 0x39470000)
    rw space 12288K,  52% used [0x39470000, 0x39ab62c0, 0x39ab6400, 0x3a070000)

Card table byte_map: [0x048b0000,0x04960000] byte_map_base: 0x0478ac80

Polling page: 0x00ee0000

Code Cache  [0x028b0000, 0x02980000, 0x048b0000)
 total_blobs=373 nmethods=156 adapters=154 free_code_cache=31961Kb largest_free_block=32728896

Compilation events (10 events):
Event: 3.667 Thread 0x027b3800  151             java.util.LinkedList$ListItr::hasPrevious (13 bytes)
Event: 3.667 Thread 0x027b3800 nmethod 151 0x02977788 code [0x02977880, 0x02977910]
Event: 3.667 Thread 0x027b3800  152             javax.swing.LayoutComparator::compare (457 bytes)
Event: 3.669 Thread 0x027b3800 nmethod 152 0x02977c08 code [0x02977ea0, 0x02978940]
Event: 3.669 Thread 0x027b3800  153             java.util.LinkedList$Node::<init> (20 bytes)
Event: 3.670 Thread 0x027b3800 nmethod 153 0x02979208 code [0x02979300, 0x029793b0]
Event: 3.670 Thread 0x027b3800  154             java.util.LinkedList::linkLast (59 bytes)
Event: 3.670 Thread 0x027b3800 nmethod 154 0x02979408 code [0x02979500, 0x02979640]
Event: 3.670 Thread 0x027b3800  155             java.util.LinkedList::add (7 bytes)
Event: 3.670 Thread 0x027b3800 nmethod 155 0x029796c8 code [0x029797c0, 0x0297984c]

GC Heap History (2 events):
Event: 2.393 GC heap before
{Heap before GC invocations=0 (full 0):
 def new generation   total 4928K, used 4416K [0x24a70000, 0x24fc0000, 0x29fc0000)
  eden space 4416K, 100% used [0x24a70000, 0x24ec0000, 0x24ec0000)
  from space 512K,   0% used [0x24ec0000, 0x24ec0000, 0x24f40000)
  to   space 512K,   0% used [0x24f40000, 0x24f40000, 0x24fc0000)
 tenured generation   total 10944K, used 0K [0x29fc0000, 0x2aa70000, 0x34a70000)
   the space 10944K,   0% used [0x29fc0000, 0x29fc0000, 0x29fc0200, 0x2aa70000)
 compacting perm gen  total 12288K, used 1148K [0x34a70000, 0x35670000, 0x38a70000)
   the space 12288K,   9% used [0x34a70000, 0x34b8f048, 0x34b8f200, 0x35670000)
    ro space 10240K,  41% used [0x38a70000, 0x38ea1a78, 0x38ea1c00, 0x39470000)
    rw space 12288K,  52% used [0x39470000, 0x39ab62c0, 0x39ab6400, 0x3a070000)
Event: 2.400 GC heap after
Heap after GC invocations=1 (full 0):
 def new generation   total 4928K, used 512K [0x24a70000, 0x24fc0000, 0x29fc0000)
  eden space 4416K,   0% used [0x24a70000, 0x24a70000, 0x24ec0000)
  from space 512K, 100% used [0x24f40000, 0x24fc0000, 0x24fc0000)
  to   space 512K,   0% used [0x24ec0000, 0x24ec0000, 0x24f40000)
 tenured generation   total 10944K, used 1799K [0x29fc0000, 0x2aa70000, 0x34a70000)
   the space 10944K,  16% used [0x29fc0000, 0x2a181cc0, 0x2a181e00, 0x2aa70000)
 compacting perm gen  total 12288K, used 1148K [0x34a70000, 0x35670000, 0x38a70000)
   the space 12288K,   9% used [0x34a70000, 0x34b8f048, 0x34b8f200, 0x35670000)
    ro space 10240K,  41% used [0x38a70000, 0x38ea1a78, 0x38ea1c00, 0x39470000)
    rw space 12288K,  52% used [0x39470000, 0x39ab62c0, 0x39ab6400, 0x3a070000)
}

Deoptimization events (0 events):
No events

Internal exceptions (10 events):
Event: 0.305 Thread 0x04e82800 Threw 0x24c8da48 at C:\re\jdk7u45\229\hotspot\src\share\vm\prims\jvm.cpp:1244
Event: 0.305 Thread 0x04e82800 Threw 0x24c900a0 at C:\re\jdk7u45\229\hotspot\src\share\vm\prims\jvm.cpp:1244
Event: 0.306 Thread 0x04e82800 Threw 0x24c926f8 at C:\re\jdk7u45\229\hotspot\src\share\vm\prims\jvm.cpp:1244
Event: 0.311 Thread 0x04e82800 Threw 0x24c98478 at C:\re\jdk7u45\229\hotspot\src\share\vm\prims\jvm.cpp:1244
Event: 0.311 Thread 0x04e82800 Threw 0x24c99a70 at C:\re\jdk7u45\229\hotspot\src\share\vm\prims\jvm.cpp:1244
Event: 0.312 Thread 0x04e82800 Threw 0x24c9c000 at C:\re\jdk7u45\229\hotspot\src\share\vm\prims\jvm.cpp:1244
Event: 0.313 Thread 0x04e82800 Threw 0x24c9e570 at C:\re\jdk7u45\229\hotspot\src\share\vm\prims\jvm.cpp:1244
Event: 0.314 Thread 0x04e82800 Threw 0x24ca06f0 at C:\re\jdk7u45\229\hotspot\src\share\vm\prims\jvm.cpp:1244
Event: 1.193 Thread 0x04e82800 Threw 0x24e82cd8 at C:\re\jdk7u45\229\hotspot\src\share\vm\prims\jvm.cpp:1244
Event: 3.666 Thread 0x04e82800 Threw 0x24d5a8d8 at C:\re\jdk7u45\229\hotspot\src\share\vm\prims\jvm.cpp:1244

Events (10 events):
Event: 1.194 loading class 0x3a13bc80
Event: 1.194 loading class 0x3a13bc80 done
Event: 2.393 Thread 0x04f40800 Thread added: 0x04f40800
Event: 2.393 Executing VM operation: GenCollectForAllocation
Event: 2.400 Executing VM operation: GenCollectForAllocation done
Event: 3.666 loading class 0x027f0da0
Event: 3.666 loading class 0x027f0da0 done
Event: 3.667 Thread 0x04f41000 Thread added: 0x04f41000
Event: 4.081 Executing VM operation: EnableBiasedLocking
Event: 4.081 Executing VM operation: EnableBiasedLocking done


Dynamic libraries:
0x00ef0000 - 0x00f1f000 	C:\Program Files (x86)\Java\jre7\bin\javaw.exe
0x77690000 - 0x777f8000 	C:\Windows\SYSTEM32\ntdll.dll
0x753b0000 - 0x754f0000 	C:\Windows\SYSTEM32\KERNEL32.DLL
0x76900000 - 0x769cf000 	C:\Windows\SYSTEM32\KERNELBASE.dll
0x6fe10000 - 0x6feaa000 	C:\Windows\system32\apphelp.dll
0x52870000 - 0x52ac3000 	C:\Windows\AppPatch\AcGenral.DLL
0x75250000 - 0x7530e000 	C:\Windows\SYSTEM32\msvcrt.dll
0x77530000 - 0x7756e000 	C:\Windows\SYSTEM32\sechost.dll
0x750c0000 - 0x750dd000 	C:\Windows\SYSTEM32\SspiCli.dll
0x77570000 - 0x775b1000 	C:\Windows\SYSTEM32\SHLWAPI.dll
0x705d0000 - 0x706ac000 	C:\Windows\SYSTEM32\UxTheme.dll
0x76f20000 - 0x7706f000 	C:\Windows\SYSTEM32\USER32.dll
0x750e0000 - 0x751e8000 	C:\Windows\SYSTEM32\GDI32.dll
0x73350000 - 0x73370000 	C:\Windows\SYSTEM32\WINMM.dll
0x6a280000 - 0x6a292000 	C:\Windows\SYSTEM32\samcli.dll
0x76c00000 - 0x76d0b000 	C:\Windows\SYSTEM32\ole32.dll
0x77170000 - 0x771f7000 	C:\Windows\SYSTEM32\OLEAUT32.dll
0x74af0000 - 0x74b05000 	C:\Windows\SYSTEM32\MSACM32.dll
0x70cb0000 - 0x70cb8000 	C:\Windows\SYSTEM32\VERSION.dll
0x75540000 - 0x766e3000 	C:\Windows\SYSTEM32\SHELL32.dll
0x746d0000 - 0x746e9000 	C:\Windows\SYSTEM32\USERENV.dll
0x709e0000 - 0x709f9000 	C:\Windows\SYSTEM32\dwmapi.dll
0x72fc0000 - 0x730e5000 	C:\Windows\SYSTEM32\urlmon.dll
0x767f0000 - 0x76867000 	C:\Windows\SYSTEM32\ADVAPI32.dll
0x74650000 - 0x746ae000 	C:\Windows\SYSTEM32\WINSPOOL.DRV
0x70a70000 - 0x70a84000 	C:\Windows\SYSTEM32\MPR.dll
0x76e60000 - 0x76f11000 	C:\Windows\SYSTEM32\RPCRT4.dll
0x750b0000 - 0x750b9000 	C:\Windows\SYSTEM32\CRYPTBASE.dll
0x76d10000 - 0x76e5e000 	C:\Windows\SYSTEM32\combase.dll
0x73330000 - 0x73350000 	C:\Windows\SYSTEM32\WINMMBASE.dll
0x74610000 - 0x7461e000 	C:\Windows\SYSTEM32\profapi.dll
0x72da0000 - 0x72fb5000 	C:\Windows\SYSTEM32\iertutil.dll
0x72bd0000 - 0x72d94000 	C:\Windows\SYSTEM32\WININET.dll
0x75050000 - 0x750a1000 	C:\Windows\SYSTEM32\bcryptPrimitives.dll
0x76870000 - 0x768aa000 	C:\Windows\SYSTEM32\cfgmgr32.dll
0x73390000 - 0x733af000 	C:\Windows\SYSTEM32\DEVOBJ.dll
0x74580000 - 0x745f7000 	C:\Windows\SYSTEM32\SHCORE.DLL
0x754f0000 - 0x75515000 	C:\Windows\system32\IMM32.DLL
0x766f0000 - 0x767e7000 	C:\Windows\SYSTEM32\MSCTF.dll
0x74e90000 - 0x74eb9000 	C:\WINDOWS\SYSTEM32\nvinit.dll
0x0f000000 - 0x0f006000 	C:\Program Files (x86)\NVIDIA Corporation\CoProcManager\detoured.dll
0x6fab0000 - 0x6fb03000 	C:\Program Files (x86)\NVIDIA Corporation\CoProcManager\nvd3d9wrap.dll
0x76a50000 - 0x76bfc000 	C:\Windows\SYSTEM32\SETUPAPI.dll
0x6f880000 - 0x6f8bb000 	C:\Program Files (x86)\NVIDIA Corporation\CoProcManager\nvdxgiwrap.dll
0x6f8c0000 - 0x6faa5000 	C:\Windows\WinSxS\x86_microsoft.windows.common-controls_6595b64144ccf1df_6.0.9600.16384_none_a9f4965301334e09\COMCTL32.dll
0x71f70000 - 0x7202f000 	C:\Program Files (x86)\Java\jre7\bin\msvcr100.dll
0x68670000 - 0x689f0000 	C:\Program Files (x86)\Java\jre7\bin\client\jvm.dll
0x74620000 - 0x74628000 	C:\Windows\SYSTEM32\WSOCK32.dll
0x77160000 - 0x77166000 	C:\Windows\SYSTEM32\PSAPI.DLL
0x77390000 - 0x773dd000 	C:\Windows\SYSTEM32\WS2_32.dll
0x77200000 - 0x77207000 	C:\Windows\SYSTEM32\NSI.dll
0x74f70000 - 0x74f7c000 	C:\Program Files (x86)\Java\jre7\bin\verify.dll
0x74f50000 - 0x74f70000 	C:\Program Files (x86)\Java\jre7\bin\java.dll
0x74f30000 - 0x74f43000 	C:\Program Files (x86)\Java\jre7\bin\zip.dll
0x67ef0000 - 0x68033000 	C:\Program Files (x86)\Java\jre7\bin\awt.dll
0x6b0b0000 - 0x6b11b000 	C:\Program Files (x86)\Common Files\microsoft shared\ink\tiptsf.dll
0x74700000 - 0x74709000 	C:\Windows\SYSTEM32\kernel.appcore.dll
0x68c00000 - 0x68c18000 	C:\Users\Martin\AppData\Local\Temp\TSDRLibraryNDK.dll
0x74d60000 - 0x74d98000 	C:\Program Files (x86)\Java\jre7\bin\fontmanager.dll
0x74f10000 - 0x74f24000 	C:\Program Files (x86)\Java\jre7\bin\net.dll
0x71b80000 - 0x71bc5000 	C:\Windows\system32\mswsock.dll
0x74f00000 - 0x74f0f000 	C:\Program Files (x86)\Java\jre7\bin\nio.dll
0x74d30000 - 0x74d60000 	C:\Program Files (x86)\Java\jre7\bin\t2k.dll
0x70e80000 - 0x70eb7000 	C:\Program Files\WIDCOMM\Bluetooth Software\SysWOW64\BtMmHook.dll
0x769d0000 - 0x76a4d000 	C:\Windows\SYSTEM32\clbcatq.dll
0x749a0000 - 0x74aed000 	C:\Windows\SYSTEM32\WindowsCodecs.dll
0x73440000 - 0x73458000 	C:\Windows\SYSTEM32\CRYPTSP.dll
0x733d0000 - 0x733ff000 	C:\Windows\system32\rsaenh.dll
0x733b0000 - 0x733cd000 	C:\Windows\SYSTEM32\bcrypt.dll
0x6e670000 - 0x6e6b8000 	C:\Windows\SYSTEM32\oleacc.dll
0x72370000 - 0x72379000 	C:\Windows\SYSTEM32\WinUSB.DLL
0x6efc0000 - 0x6efca000 	C:\Windows\SYSTEM32\hid.dll
0x75200000 - 0x75239000 	C:\Windows\SYSTEM32\WINTRUST.dll
0x77210000 - 0x7738f000 	C:\Windows\SYSTEM32\CRYPT32.dll
0x75240000 - 0x7524e000 	C:\Windows\SYSTEM32\MSASN1.dll
0x6f120000 - 0x6f268000 	C:\Windows\SYSTEM32\dbghelp.dll

VM Arguments:
jvm_args: -Dfile.encoding=Cp1251 
java_command: martin.tempest.gui.Main
Launcher Type: SUN_STANDARD

Environment Variables:
CLASSPATH=.;C:\Program Files (x86)\Java\jre7\lib\ext\QTJava.zip
PATH=C:\PROGRAM FILES (X86)\NVIDIA CORPORATION\PHYSX\COMMON;C:\PROGRAM FILES\BROADCOM\BROADCOM 802.11 NETWORK ADAPTER;C:\PROGRAM FILES (X86)\INTEL\ICLS CLIENT\;C:\PROGRAM FILES\INTEL\ICLS CLIENT\;C:\WINDOWS\SYSTEM32;C:\WINDOWS;C:\WINDOWS\SYSTEM32\WBEM;C:\WINDOWS\SYSTEM32\WINDOWSPOWERSHELL\V1.0\;C:\PROGRAM FILES\INTEL\INTEL(R) MANAGEMENT ENGINE COMPONENTS\DAL;C:\PROGRAM FILES\INTEL\INTEL(R) MANAGEMENT ENGINE COMPONENTS\IPT;C:\PROGRAM FILES (X86)\INTEL\INTEL(R) MANAGEMENT ENGINE COMPONENTS\DAL;C:\PROGRAM FILES (X86)\INTEL\INTEL(R) MANAGEMENT ENGINE COMPONENTS\IPT;C:\PROGRAM FILES (X86)\INTEL\OPENCL SDK\2.0\BIN\X86;C:\PROGRAM FILES (X86)\INTEL\OPENCL SDK\2.0\BIN\X64;C:\PROGRAM FILES\SONY\VAIO IMPROVEMENT;C:\PROGRAM FILES (X86)\SONY\VAIO BIOS DATA TRANSFER UTILITY\;C:\PROGRAM FILES (X86)\SONY\VAIO STARTUP SETTING TOOL;C:\Program Files\WIDCOMM\Bluetooth Software\;C:\Program Files\WIDCOMM\Bluetooth Software\syswow64;C:\Program Files (x86)\MiKTeX 2.9\miktex\bin\;C:\Program Files (x86)\QuickTime\QTSystem\;C:\Program Files\MATLAB\R2013a\runtime\win64;C:\Program Files\MATLAB\R2013a\bin;C:\Program Files (x86)\Windows Kits\8.1\Windows Performance Toolkit\;C:\Program Files\Microsoft SQL Server\110\Tools\Binn\;C:\Program Files\Calibre2\;C:\Program Files (x86)\Autodesk\Backburner\;C:\Program Files\Common Files\Autodesk Shared\;C:\Program Files (x86)\Nmap;C:\MinGW\bin;C:\MinGW\msys\1.0\bin;C:\Program Files (x86)\Java\jdk1.7.0_45\bin
USERNAME=Martin
OS=Windows_NT
PROCESSOR_IDENTIFIER=Intel64 Family 6 Model 58 Stepping 9, GenuineIntel



---------------  S Y S T E M  ---------------

OS: Windows 8 , 64 bit Build 9200 

CPU:total 4 (2 cores per cpu, 2 threads per core) family 6 model 58 stepping 9, cmov, cx8, fxsr, mmx, sse, sse2, sse3, ssse3, sse4.1, sse4.2, popcnt, avx, aes, erms, ht, tsc, tscinvbit, tscinv

Memory: 4k page, physical 8264496k(4458952k free), swap 9575216k(4554856k free)

vm_info: Java HotSpot(TM) Client VM (24.45-b08) for windows-x86 JRE (1.7.0_45-b18), built on Oct  8 2013 06:02:43 by "java_re" with unknown MS VC++:1600

time: Wed Feb 05 22:53:12 2014
elapsed time: 4 seconds

