#
# A fatal error has been detected by the Java Runtime Environment:
#
#  EXCEPTION_ACCESS_VIOLATION (0xc0000005) at pc=0x63a82179, pid=5344, tid=8044
#
# JRE version: Java(TM) SE Runtime Environment (7.0_45-b18) (build 1.7.0_45-b18)
# Java VM: Java HotSpot(TM) Client VM (24.45-b08 mixed mode, sharing windows-x86 )
# Problematic frame:
# C  0x63a82179
#
# Failed to write core dump. Minidumps are not enabled by default on client versions of Windows
#
# If you would like to submit a bug report, please visit:
#   http://bugreport.sun.com/bugreport/crash.jsp
# The crash happened outside the Java Virtual Machine in native code.
# See problematic frame for where to report the bug.
#

---------------  T H R E A D  ---------------

Current thread (0x0521c800):  JavaThread "Thread-11" [_thread_in_native, id=8044, stack(0x09380000,0x093d0000)]

siginfo: ExceptionCode=0xc0000005, reading address 0x00000000

Registers:
EAX=0x00000000, EBX=0x68c08080, ECX=0x70d30000, EDX=0x00000000
ESP=0x093cf820, EBP=0x093cf838, ESI=0x34a9fb20, EDI=0x00e8e798
EIP=0x63a82179, EFLAGS=0x00010202

Top of Stack: (sp=0x093cf820)
0x093cf820:   00000000 00000001 0000006d 093cf8d0
0x093cf830:   72381b72 00000000 093cf8d0 63a81566
0x093cf840:   00000000 68793ec7 68c02540 0000015c
0x093cf850:   00000000 00000005 051f8b84 68c032d5
0x093cf860:   029aacc8 0521c800 093cf88c 686de1e8
0x093cf870:   34a9fb28 34a9fb20 0521c800 68c0254f
0x093cf880:   68c08080 34a9fb28 051f8b84 093cf8d0
0x093cf890:   02ada8da 0021c800 34a9fb28 02ada9dd 

Instructions: (pc=0x63a82179)
0x63a82159:   
[error occurred during error reporting (printing registers, top of stack, instructions near pc), id 0xc0000005]

Register to memory mapping:

EAX=0x00000000 is an unknown value
EBX=0x68c08080 is an unknown value
ECX=0x70d30000 is an unknown value
EDX=0x00000000 is an unknown value
ESP=0x093cf820 is pointing into the stack for thread: 0x0521c800
EBP=0x093cf838 is pointing into the stack for thread: 0x0521c800
ESI=0x34a9fb20 is pointing into object: 0x34a9faf0
{constMethod} 
 - klass: {other class}
 - constants:       0x34a9e9a0 constant pool [390] for 'martin/tempest/core/TSDRLibrary' cache=0x34ad0b38
EDI=0x00e8e798 is an unknown value


Stack: [0x09380000,0x093d0000],  sp=0x093cf820,  free space=318k
Native frames: (J=compiled Java code, j=interpreted, Vv=VM code, C=native code)
C  0x63a82179
C  0x63a81566
j  martin.tempest.gui.Main$23.run()V+18
v  ~StubRoutines::call_stub
V  [jvm.dll+0x13f1fa]
V  [jvm.dll+0x202aee]
V  [jvm.dll+0x13f3c5]
V  [jvm.dll+0x13f427]
V  [jvm.dll+0xeb81f]
V  [jvm.dll+0x16042c]
V  [jvm.dll+0x160e67]
V  [jvm.dll+0x1a49f9]
C  [msvcr100.dll+0x5c556]
C  [msvcr100.dll+0x5c600]
C  [KERNEL32.DLL+0x1495d]
C  [ntdll.dll+0x498ee]
C  [ntdll.dll+0x498c4]

Java frames: (J=compiled Java code, j=interpreted, Vv=VM code)
j  martin.tempest.core.TSDRLibrary.stop()V+0
j  martin.tempest.gui.Main$23.run()V+18
v  ~StubRoutines::call_stub

---------------  P R O C E S S  ---------------

Java Threads: ( => current thread )
=>0x0521c800 JavaThread "Thread-11" [_thread_in_native, id=8044, stack(0x09380000,0x093d0000)]
  0x0521b800 JavaThread "Thread-10" [_thread_in_native, id=7848, stack(0x08500000,0x08550000)]
  0x0520d400 JavaThread "Timer-5" [_thread_blocked, id=3040, stack(0x06950000,0x069a0000)]
  0x05205000 JavaThread "Timer-4" [_thread_blocked, id=7044, stack(0x068c0000,0x06910000)]
  0x05202800 JavaThread "Timer-3" [_thread_blocked, id=7592, stack(0x06830000,0x06880000)]
  0x05207800 JavaThread "Timer-2" [_thread_blocked, id=7600, stack(0x067a0000,0x067f0000)]
  0x05207000 JavaThread "Timer-1" [_thread_blocked, id=436, stack(0x06710000,0x06760000)]
  0x05206c00 JavaThread "Timer-0" [_thread_blocked, id=3908, stack(0x06680000,0x066d0000)]
  0x051f0800 JavaThread "TimerQueue" daemon [_thread_blocked, id=5612, stack(0x065f0000,0x06640000)]
  0x029ac400 JavaThread "DestroyJavaVM" [_thread_blocked, id=1104, stack(0x02950000,0x029a0000)]
  0x02acc000 JavaThread "AWT-EventQueue-0" [_thread_blocked, id=2760, stack(0x05770000,0x057c0000)]
  0x02aca800 JavaThread "AWT-Windows" daemon [_thread_in_native, id=3580, stack(0x055a0000,0x055f0000)]
  0x02aca000 JavaThread "AWT-Shutdown" [_thread_blocked, id=6848, stack(0x05510000,0x05560000)]
  0x02ac9800 JavaThread "Java2D Disposer" daemon [_thread_blocked, id=1300, stack(0x05480000,0x054d0000)]
  0x02a73000 JavaThread "Service Thread" daemon [_thread_blocked, id=6788, stack(0x05070000,0x050c0000)]
  0x02a63400 JavaThread "C1 CompilerThread0" daemon [_thread_blocked, id=2684, stack(0x04fe0000,0x05030000)]
  0x02a61400 JavaThread "Attach Listener" daemon [_thread_blocked, id=7232, stack(0x04f50000,0x04fa0000)]
  0x02a5f400 JavaThread "Signal Dispatcher" daemon [_thread_blocked, id=2980, stack(0x04ec0000,0x04f10000)]
  0x029f1800 JavaThread "Finalizer" daemon [_thread_blocked, id=7200, stack(0x04e10000,0x04e60000)]
  0x029ef800 JavaThread "Reference Handler" daemon [_thread_blocked, id=3848, stack(0x04d80000,0x04dd0000)]

Other Threads:
  0x029ee000 VMThread [stack: 0x04cf0000,0x04d40000] [id=7728]
  0x02a8a000 WatcherThread [stack: 0x05100000,0x05150000] [id=3632]

VM state:not at safepoint (normal execution)

VM Mutex/Monitor currently owned by a thread: None

Heap
 def new generation   total 4928K, used 3802K [0x24a70000, 0x24fc0000, 0x29fc0000)
  eden space 4416K,  74% used [0x24a70000, 0x24da6950, 0x24ec0000)
  from space 512K, 100% used [0x24f40000, 0x24fc0000, 0x24fc0000)
  to   space 512K,   0% used [0x24ec0000, 0x24ec0000, 0x24f40000)
 tenured generation   total 10944K, used 1798K [0x29fc0000, 0x2aa70000, 0x34a70000)
   the space 10944K,  16% used [0x29fc0000, 0x2a181af8, 0x2a181c00, 0x2aa70000)
 compacting perm gen  total 12288K, used 1149K [0x34a70000, 0x35670000, 0x38a70000)
   the space 12288K,   9% used [0x34a70000, 0x34b8f5f0, 0x34b8f600, 0x35670000)
    ro space 10240K,  41% used [0x38a70000, 0x38ea1a78, 0x38ea1c00, 0x39470000)
    rw space 12288K,  52% used [0x39470000, 0x39ab62c0, 0x39ab6400, 0x3a070000)

Card table byte_map: [0x04b50000,0x04c00000] byte_map_base: 0x04a2ac80

Polling page: 0x010b0000

Code Cache  [0x02ad0000, 0x02ba0000, 0x04ad0000)
 total_blobs=403 nmethods=186 adapters=154 free_code_cache=31941Kb largest_free_block=32708480

Compilation events (10 events):
Event: 5.990 Thread 0x02a63400  181             java.util.LinkedList::linkLast (59 bytes)
Event: 5.990 Thread 0x02a63400 nmethod 181 0x02b9d648 code [0x02b9d740, 0x02b9d880]
Event: 5.990 Thread 0x02a63400  182             java.util.LinkedList::add (7 bytes)
Event: 5.990 Thread 0x02a63400 nmethod 182 0x02b9d908 code [0x02b9da00, 0x02b9da8c]
Event: 5.990 Thread 0x02a63400  183             javax.swing.RepaintManager::currentManager (37 bytes)
Event: 5.990 Thread 0x02a63400 nmethod 183 0x02b9db08 code [0x02b9dc30, 0x02b9dd84]
Event: 5.991 Thread 0x02a63400  184             javax.swing.RepaintManager::currentManager (5 bytes)
Event: 5.991 Thread 0x02a63400 nmethod 184 0x02b9de88 code [0x02b9df90, 0x02b9e028]
Event: 5.991 Thread 0x02a63400  185             javax.swing.RepaintManager::currentManager (7 bytes)
Event: 5.991 Thread 0x02a63400 nmethod 185 0x02b9e0c8 code [0x02b9e1d0, 0x02b9e268]

GC Heap History (2 events):
Event: 3.380 GC heap before
{Heap before GC invocations=0 (full 0):
 def new generation   total 4928K, used 4416K [0x24a70000, 0x24fc0000, 0x29fc0000)
  eden space 4416K, 100% used [0x24a70000, 0x24ec0000, 0x24ec0000)
  from space 512K,   0% used [0x24ec0000, 0x24ec0000, 0x24f40000)
  to   space 512K,   0% used [0x24f40000, 0x24f40000, 0x24fc0000)
 tenured generation   total 10944K, used 0K [0x29fc0000, 0x2aa70000, 0x34a70000)
   the space 10944K,   0% used [0x29fc0000, 0x29fc0000, 0x29fc0200, 0x2aa70000)
 compacting perm gen  total 12288K, used 1148K [0x34a70000, 0x35670000, 0x38a70000)
   the space 12288K,   9% used [0x34a70000, 0x34b8f058, 0x34b8f200, 0x35670000)
    ro space 10240K,  41% used [0x38a70000, 0x38ea1a78, 0x38ea1c00, 0x39470000)
    rw space 12288K,  52% used [0x39470000, 0x39ab62c0, 0x39ab6400, 0x3a070000)
Event: 3.396 GC heap after
Heap after GC invocations=1 (full 0):
 def new generation   total 4928K, used 512K [0x24a70000, 0x24fc0000, 0x29fc0000)
  eden space 4416K,   0% used [0x24a70000, 0x24a70000, 0x24ec0000)
  from space 512K, 100% used [0x24f40000, 0x24fc0000, 0x24fc0000)
  to   space 512K,   0% used [0x24ec0000, 0x24ec0000, 0x24f40000)
 tenured generation   total 10944K, used 1798K [0x29fc0000, 0x2aa70000, 0x34a70000)
   the space 10944K,  16% used [0x29fc0000, 0x2a181af8, 0x2a181c00, 0x2aa70000)
 compacting perm gen  total 12288K, used 1148K [0x34a70000, 0x35670000, 0x38a70000)
   the space 12288K,   9% used [0x34a70000, 0x34b8f058, 0x34b8f200, 0x35670000)
    ro space 10240K,  41% used [0x38a70000, 0x38ea1a78, 0x38ea1c00, 0x39470000)
    rw space 12288K,  52% used [0x39470000, 0x39ab62c0, 0x39ab6400, 0x3a070000)
}

Deoptimization events (0 events):
No events

Internal exceptions (10 events):
Event: 0.346 Thread 0x02acc000 Threw 0x24c8d9d8 at C:\re\jdk7u45\229\hotspot\src\share\vm\prims\jvm.cpp:1244
Event: 0.347 Thread 0x02acc000 Threw 0x24c90030 at C:\re\jdk7u45\229\hotspot\src\share\vm\prims\jvm.cpp:1244
Event: 0.348 Thread 0x02acc000 Threw 0x24c92688 at C:\re\jdk7u45\229\hotspot\src\share\vm\prims\jvm.cpp:1244
Event: 0.355 Thread 0x02acc000 Threw 0x24c98408 at C:\re\jdk7u45\229\hotspot\src\share\vm\prims\jvm.cpp:1244
Event: 0.355 Thread 0x02acc000 Threw 0x24c99a00 at C:\re\jdk7u45\229\hotspot\src\share\vm\prims\jvm.cpp:1244
Event: 0.356 Thread 0x02acc000 Threw 0x24c9bf90 at C:\re\jdk7u45\229\hotspot\src\share\vm\prims\jvm.cpp:1244
Event: 0.357 Thread 0x02acc000 Threw 0x24c9e500 at C:\re\jdk7u45\229\hotspot\src\share\vm\prims\jvm.cpp:1244
Event: 0.359 Thread 0x02acc000 Threw 0x24ca0680 at C:\re\jdk7u45\229\hotspot\src\share\vm\prims\jvm.cpp:1244
Event: 2.181 Thread 0x02acc000 Threw 0x24e826d8 at C:\re\jdk7u45\229\hotspot\src\share\vm\prims\jvm.cpp:1244
Event: 5.987 Thread 0x02acc000 Threw 0x24d85318 at C:\re\jdk7u45\229\hotspot\src\share\vm\prims\jvm.cpp:1244

Events (10 events):
Event: 2.182 loading class 0x3a13bc80
Event: 2.182 loading class 0x3a13bc80 done
Event: 3.380 Thread 0x0521b800 Thread added: 0x0521b800
Event: 3.380 Executing VM operation: GenCollectForAllocation
Event: 3.396 Executing VM operation: GenCollectForAllocation done
Event: 4.087 Executing VM operation: EnableBiasedLocking
Event: 4.087 Executing VM operation: EnableBiasedLocking done
Event: 5.987 loading class 0x02a92a70
Event: 5.987 loading class 0x02a92a70 done
Event: 5.987 Thread 0x0521c800 Thread added: 0x0521c800


Dynamic libraries:
0x00ef0000 - 0x00f1f000 	C:\Program Files (x86)\Java\jre7\bin\javaw.exe
0x77690000 - 0x777f8000 	C:\Windows\SYSTEM32\ntdll.dll
0x753b0000 - 0x754f0000 	C:\Windows\SYSTEM32\KERNEL32.DLL
0x76900000 - 0x769cf000 	C:\Windows\SYSTEM32\KERNELBASE.dll
0x6fe10000 - 0x6feaa000 	C:\Windows\system32\apphelp.dll
0x52870000 - 0x52ac3000 	C:\Windows\AppPatch\AcGenral.DLL
0x75250000 - 0x7530e000 	C:\Windows\SYSTEM32\msvcrt.dll
0x77530000 - 0x7756e000 	C:\Windows\SYSTEM32\sechost.dll
0x750c0000 - 0x750dd000 	C:\Windows\SYSTEM32\SspiCli.dll
0x77570000 - 0x775b1000 	C:\Windows\SYSTEM32\SHLWAPI.dll
0x705d0000 - 0x706ac000 	C:\Windows\SYSTEM32\UxTheme.dll
0x76f20000 - 0x7706f000 	C:\Windows\SYSTEM32\USER32.dll
0x750e0000 - 0x751e8000 	C:\Windows\SYSTEM32\GDI32.dll
0x73350000 - 0x73370000 	C:\Windows\SYSTEM32\WINMM.dll
0x6a280000 - 0x6a292000 	C:\Windows\SYSTEM32\samcli.dll
0x76c00000 - 0x76d0b000 	C:\Windows\SYSTEM32\ole32.dll
0x77170000 - 0x771f7000 	C:\Windows\SYSTEM32\OLEAUT32.dll
0x74af0000 - 0x74b05000 	C:\Windows\SYSTEM32\MSACM32.dll
0x70cb0000 - 0x70cb8000 	C:\Windows\SYSTEM32\VERSION.dll
0x75540000 - 0x766e3000 	C:\Windows\SYSTEM32\SHELL32.dll
0x746d0000 - 0x746e9000 	C:\Windows\SYSTEM32\USERENV.dll
0x709e0000 - 0x709f9000 	C:\Windows\SYSTEM32\dwmapi.dll
0x72fc0000 - 0x730e5000 	C:\Windows\SYSTEM32\urlmon.dll
0x767f0000 - 0x76867000 	C:\Windows\SYSTEM32\ADVAPI32.dll
0x74650000 - 0x746ae000 	C:\Windows\SYSTEM32\WINSPOOL.DRV
0x70a70000 - 0x70a84000 	C:\Windows\SYSTEM32\MPR.dll
0x76e60000 - 0x76f11000 	C:\Windows\SYSTEM32\RPCRT4.dll
0x750b0000 - 0x750b9000 	C:\Windows\SYSTEM32\CRYPTBASE.dll
0x76d10000 - 0x76e5e000 	C:\Windows\SYSTEM32\combase.dll
0x73330000 - 0x73350000 	C:\Windows\SYSTEM32\WINMMBASE.dll
0x74610000 - 0x7461e000 	C:\Windows\SYSTEM32\profapi.dll
0x72da0000 - 0x72fb5000 	C:\Windows\SYSTEM32\iertutil.dll
0x72bd0000 - 0x72d94000 	C:\Windows\SYSTEM32\WININET.dll
0x75050000 - 0x750a1000 	C:\Windows\SYSTEM32\bcryptPrimitives.dll
0x76870000 - 0x768aa000 	C:\Windows\SYSTEM32\cfgmgr32.dll
0x73390000 - 0x733af000 	C:\Windows\SYSTEM32\DEVOBJ.dll
0x74580000 - 0x745f7000 	C:\Windows\SYSTEM32\SHCORE.DLL
0x754f0000 - 0x75515000 	C:\Windows\system32\IMM32.DLL
0x766f0000 - 0x767e7000 	C:\Windows\SYSTEM32\MSCTF.dll
0x74e90000 - 0x74eb9000 	C:\WINDOWS\SYSTEM32\nvinit.dll
0x0f000000 - 0x0f006000 	C:\Program Files (x86)\NVIDIA Corporation\CoProcManager\detoured.dll
0x6fab0000 - 0x6fb03000 	C:\Program Files (x86)\NVIDIA Corporation\CoProcManager\nvd3d9wrap.dll
0x76a50000 - 0x76bfc000 	C:\Windows\SYSTEM32\SETUPAPI.dll
0x6f880000 - 0x6f8bb000 	C:\Program Files (x86)\NVIDIA Corporation\CoProcManager\nvdxgiwrap.dll
0x6f8c0000 - 0x6faa5000 	C:\Windows\WinSxS\x86_microsoft.windows.common-controls_6595b64144ccf1df_6.0.9600.16384_none_a9f4965301334e09\COMCTL32.dll
0x71f70000 - 0x7202f000 	C:\Program Files (x86)\Java\jre7\bin\msvcr100.dll
0x68670000 - 0x689f0000 	C:\Program Files (x86)\Java\jre7\bin\client\jvm.dll
0x74620000 - 0x74628000 	C:\Windows\SYSTEM32\WSOCK32.dll
0x77160000 - 0x77166000 	C:\Windows\SYSTEM32\PSAPI.DLL
0x77390000 - 0x773dd000 	C:\Windows\SYSTEM32\WS2_32.dll
0x77200000 - 0x77207000 	C:\Windows\SYSTEM32\NSI.dll
0x74f70000 - 0x74f7c000 	C:\Program Files (x86)\Java\jre7\bin\verify.dll
0x74f50000 - 0x74f70000 	C:\Program Files (x86)\Java\jre7\bin\java.dll
0x74f30000 - 0x74f43000 	C:\Program Files (x86)\Java\jre7\bin\zip.dll
0x67ef0000 - 0x68033000 	C:\Program Files (x86)\Java\jre7\bin\awt.dll
0x6b0b0000 - 0x6b11b000 	C:\Program Files (x86)\Common Files\microsoft shared\ink\tiptsf.dll
0x74700000 - 0x74709000 	C:\Windows\SYSTEM32\kernel.appcore.dll
0x68c00000 - 0x68c18000 	C:\Users\Martin\AppData\Local\Temp\TSDRLibraryNDK.dll
0x74d60000 - 0x74d98000 	C:\Program Files (x86)\Java\jre7\bin\fontmanager.dll
0x74f10000 - 0x74f24000 	C:\Program Files (x86)\Java\jre7\bin\net.dll
0x71b80000 - 0x71bc5000 	C:\Windows\system32\mswsock.dll
0x74f00000 - 0x74f0f000 	C:\Program Files (x86)\Java\jre7\bin\nio.dll
0x74d30000 - 0x74d60000 	C:\Program Files (x86)\Java\jre7\bin\t2k.dll
0x70e80000 - 0x70eb7000 	C:\Program Files\WIDCOMM\Bluetooth Software\SysWOW64\BtMmHook.dll
0x769d0000 - 0x76a4d000 	C:\Windows\SYSTEM32\clbcatq.dll
0x749a0000 - 0x74aed000 	C:\Windows\SYSTEM32\WindowsCodecs.dll
0x73440000 - 0x73458000 	C:\Windows\SYSTEM32\CRYPTSP.dll
0x733d0000 - 0x733ff000 	C:\Windows\system32\rsaenh.dll
0x733b0000 - 0x733cd000 	C:\Windows\SYSTEM32\bcrypt.dll
0x6e670000 - 0x6e6b8000 	C:\Windows\SYSTEM32\oleacc.dll
0x72370000 - 0x72379000 	C:\Windows\SYSTEM32\WinUSB.DLL
0x6efc0000 - 0x6efca000 	C:\Windows\SYSTEM32\hid.dll
0x75200000 - 0x75239000 	C:\Windows\SYSTEM32\WINTRUST.dll
0x77210000 - 0x7738f000 	C:\Windows\SYSTEM32\CRYPT32.dll
0x75240000 - 0x7524e000 	C:\Windows\SYSTEM32\MSASN1.dll
0x6f120000 - 0x6f268000 	C:\Windows\SYSTEM32\dbghelp.dll

VM Arguments:
jvm_args: -Dfile.encoding=Cp1251 
java_command: martin.tempest.gui.Main
Launcher Type: SUN_STANDARD

Environment Variables:
CLASSPATH=.;C:\Program Files (x86)\Java\jre7\lib\ext\QTJava.zip
PATH=C:\PROGRAM FILES (X86)\NVIDIA CORPORATION\PHYSX\COMMON;C:\PROGRAM FILES\BROADCOM\BROADCOM 802.11 NETWORK ADAPTER;C:\PROGRAM FILES (X86)\INTEL\ICLS CLIENT\;C:\PROGRAM FILES\INTEL\ICLS CLIENT\;C:\WINDOWS\SYSTEM32;C:\WINDOWS;C:\WINDOWS\SYSTEM32\WBEM;C:\WINDOWS\SYSTEM32\WINDOWSPOWERSHELL\V1.0\;C:\PROGRAM FILES\INTEL\INTEL(R) MANAGEMENT ENGINE COMPONENTS\DAL;C:\PROGRAM FILES\INTEL\INTEL(R) MANAGEMENT ENGINE COMPONENTS\IPT;C:\PROGRAM FILES (X86)\INTEL\INTEL(R) MANAGEMENT ENGINE COMPONENTS\DAL;C:\PROGRAM FILES (X86)\INTEL\INTEL(R) MANAGEMENT ENGINE COMPONENTS\IPT;C:\PROGRAM FILES (X86)\INTEL\OPENCL SDK\2.0\BIN\X86;C:\PROGRAM FILES (X86)\INTEL\OPENCL SDK\2.0\BIN\X64;C:\PROGRAM FILES\SONY\VAIO IMPROVEMENT;C:\PROGRAM FILES (X86)\SONY\VAIO BIOS DATA TRANSFER UTILITY\;C:\PROGRAM FILES (X86)\SONY\VAIO STARTUP SETTING TOOL;C:\Program Files\WIDCOMM\Bluetooth Software\;C:\Program Files\WIDCOMM\Bluetooth Software\syswow64;C:\Program Files (x86)\MiKTeX 2.9\miktex\bin\;C:\Program Files (x86)\QuickTime\QTSystem\;C:\Program Files\MATLAB\R2013a\runtime\win64;C:\Program Files\MATLAB\R2013a\bin;C:\Program Files (x86)\Windows Kits\8.1\Windows Performance Toolkit\;C:\Program Files\Microsoft SQL Server\110\Tools\Binn\;C:\Program Files\Calibre2\;C:\Program Files (x86)\Autodesk\Backburner\;C:\Program Files\Common Files\Autodesk Shared\;C:\Program Files (x86)\Nmap;C:\MinGW\bin;C:\MinGW\msys\1.0\bin;C:\Program Files (x86)\Java\jdk1.7.0_45\bin
USERNAME=Martin
OS=Windows_NT
PROCESSOR_IDENTIFIER=Intel64 Family 6 Model 58 Stepping 9, GenuineIntel



---------------  S Y S T E M  ---------------

OS: Windows 8 , 64 bit Build 9200 

CPU:total 4 (2 cores per cpu, 2 threads per core) family 6 model 58 stepping 9, cmov, cx8, fxsr, mmx, sse, sse2, sse3, ssse3, sse4.1, sse4.2, popcnt, avx, aes, erms, ht, tsc, tscinvbit, tscinv

Memory: 4k page, physical 8264496k(4456728k free), swap 9575216k(4549208k free)

vm_info: Java HotSpot(TM) Client VM (24.45-b08) for windows-x86 JRE (1.7.0_45-b18), built on Oct  8 2013 06:02:43 by "java_re" with unknown MS VC++:1600

time: Wed Feb 05 22:54:24 2014
elapsed time: 7 seconds

