#
# A fatal error has been detected by the Java Runtime Environment:
#
#  EXCEPTION_ACCESS_VIOLATION (0xc0000005) at pc=0x000000bf, pid=7032, tid=3368
#
# JRE version: Java(TM) SE Runtime Environment (7.0_45-b18) (build 1.7.0_45-b18)
# Java VM: Java HotSpot(TM) Client VM (24.45-b08 mixed mode, sharing windows-x86 )
# Problematic frame:
# C  0x000000bf
#
# Failed to write core dump. Minidumps are not enabled by default on client versions of Windows
#
# If you would like to submit a bug report, please visit:
#   http://bugreport.sun.com/bugreport/crash.jsp
# The crash happened outside the Java Virtual Machine in native code.
# See problematic frame for where to report the bug.
#

---------------  T H R E A D  ---------------

Current thread (0x04e5d400):  JavaThread "Thread-3" [_thread_in_native, id=3368, stack(0x06370000,0x063c0000)]

siginfo: ExceptionCode=0xc0000005, ExceptionInformation=0x00000008 0x000000bf

Registers:
EAX=0x000000bf, EBX=0x34a96500, ECX=0x04e5d530, EDX=0x00000000
ESP=0x063bf14c, EBP=0x063bf178, ESI=0x34a964f8, EDI=0x04e5d400
EIP=0x000000bf, EFLAGS=0x00010202

Top of Stack: (sp=0x063bf14c)
0x063bf14c:   6590140b 00000000 00000005 04e34654
0x063bf15c:   063bf1e0 027ba900 04e5d400 063bf18c
0x063bf16c:   00f591e0 04e5d400 00000006 063bf198
0x063bf17c:   68c01c88 68c06080 34a96500 04e34654
0x063bf18c:   063bf1d0 027ca8da 00e5d400 063bf1d0
0x063bf19c:   027ca9dd 04e5d530 063bf1e0 04e34688
0x063bf1ac:   04e34698 063bf1b0 34a964f8 063bf1e0
0x063bf1bc:   34b12620 00000000 34a96500 00000000 

Instructions: (pc=0x000000bf)
0x0000009f:   
[error occurred during error reporting (printing registers, top of stack, instructions near pc), id 0xc0000005]

Register to memory mapping:

EAX=0x000000bf is an unknown value
EBX=0x34a96500 is an oop
{method} 
 - klass: {other class}
ECX=0x04e5d530 is an unknown value
EDX=0x00000000 is an unknown value
ESP=0x063bf14c is pointing into the stack for thread: 0x04e5d400
EBP=0x063bf178 is pointing into the stack for thread: 0x04e5d400
ESI=0x34a964f8 is pointing into object: 0x34a964c8
{constMethod} 
 - klass: {other class}
 - constants:       0x34a95428 constant pool [372] for 'martin/tempest/core/TSDRLibrary' cache=0x34b12620
EDI=0x04e5d400 is a thread


Stack: [0x06370000,0x063c0000],  sp=0x063bf14c,  free space=316k
Native frames: (J=compiled Java code, j=interpreted, Vv=VM code, C=native code)
C  0x000000bf
C  [TSDRLibraryNDK.dll+0x1c88]
j  martin.tempest.core.TSDRLibrary.stop()V+0
j  martin.tempest.core.TSDRLibrary$1.run()V+4
v  ~StubRoutines::call_stub
V  [jvm.dll+0x13f1fa]
V  [jvm.dll+0x202aee]
V  [jvm.dll+0x13f3c5]
V  [jvm.dll+0x13f427]
V  [jvm.dll+0xeb81f]
V  [jvm.dll+0x16042c]
V  [jvm.dll+0x160e67]
V  [jvm.dll+0x1a49f9]
C  [msvcr100.dll+0x5c556]
C  [msvcr100.dll+0x5c600]
C  [KERNEL32.DLL+0x1495d]
C  [ntdll.dll+0x498ee]
C  [ntdll.dll+0x498c4]

Java frames: (J=compiled Java code, j=interpreted, Vv=VM code)
j  martin.tempest.core.TSDRLibrary.stop()V+0
j  martin.tempest.core.TSDRLibrary$1.run()V+4
v  ~StubRoutines::call_stub

---------------  P R O C E S S  ---------------

Java Threads: ( => current thread )
  0x04e5e400 JavaThread "Thread-0" daemon [_thread_in_native, id=6776, stack(0x06400000,0x06450000)]
=>0x04e5d400 JavaThread "Thread-3" [_thread_in_native, id=3368, stack(0x06370000,0x063c0000)]
  0x027bc000 JavaThread "DestroyJavaVM" [_thread_blocked, id=732, stack(0x00ea0000,0x00ef0000)]
  0x04e0e400 JavaThread "AWT-EventQueue-0" [_thread_blocked, id=2600, stack(0x05ed0000,0x05f20000)]
  0x02752800 JavaThread "AWT-Shutdown" [_thread_blocked, id=6320, stack(0x05480000,0x054d0000)]
  0x02751c00 JavaThread "Java2D Disposer" daemon [_thread_blocked, id=208, stack(0x053f0000,0x05440000)]
  0x02716000 JavaThread "Service Thread" daemon [_thread_blocked, id=4176, stack(0x04cf0000,0x04d40000)]
  0x02712000 JavaThread "C1 CompilerThread0" daemon [_thread_blocked, id=3248, stack(0x04c60000,0x04cb0000)]
  0x0270ec00 JavaThread "Attach Listener" daemon [_thread_blocked, id=5648, stack(0x04bd0000,0x04c20000)]
  0x0270dc00 JavaThread "Signal Dispatcher" daemon [_thread_blocked, id=3472, stack(0x04b40000,0x04b90000)]
  0x026a0c00 JavaThread "Finalizer" daemon [_thread_blocked, id=6544, stack(0x04ab0000,0x04b00000)]
  0x0269f400 JavaThread "Reference Handler" daemon [_thread_blocked, id=992, stack(0x04a20000,0x04a70000)]

Other Threads:
  0x0269dc00 VMThread [stack: 0x04990000,0x049e0000] [id=7028]
  0x0272e800 WatcherThread [stack: 0x04d80000,0x04dd0000] [id=4488]

VM state:not at safepoint (normal execution)

VM Mutex/Monitor currently owned by a thread: None

Heap
 def new generation   total 4928K, used 4303K [0x24a70000, 0x24fc0000, 0x29fc0000)
  eden space 4416K,  97% used [0x24a70000, 0x24ea3fc8, 0x24ec0000)
  from space 512K,   0% used [0x24ec0000, 0x24ec0000, 0x24f40000)
  to   space 512K,   0% used [0x24f40000, 0x24f40000, 0x24fc0000)
 tenured generation   total 10944K, used 0K [0x29fc0000, 0x2aa70000, 0x34a70000)
   the space 10944K,   0% used [0x29fc0000, 0x29fc0000, 0x29fc0200, 0x2aa70000)
 compacting perm gen  total 12288K, used 712K [0x34a70000, 0x35670000, 0x38a70000)
   the space 12288K,   5% used [0x34a70000, 0x34b22358, 0x34b22400, 0x35670000)
    ro space 10240K,  41% used [0x38a70000, 0x38ea1a78, 0x38ea1c00, 0x39470000)
    rw space 12288K,  52% used [0x39470000, 0x39ab62c0, 0x39ab6400, 0x3a070000)

Card table byte_map: [0x04840000,0x048f0000] byte_map_base: 0x0471ac80

Polling page: 0x00d30000

Code Cache  [0x027c0000, 0x02870000, 0x047c0000)
 total_blobs=270 nmethods=67 adapters=140 free_code_cache=32072Kb largest_free_block=32842048

Compilation events (10 events):
Event: 0.689 Thread 0x02712000   62             java.util.ArrayList::get (11 bytes)
Event: 0.690 Thread 0x02712000 nmethod 62 0x0286c708 code [0x0286c820, 0x0286c958]
Event: 0.695 Thread 0x02712000   63             java.util.concurrent.locks.AbstractOwnableSynchronizer::getExclusiveOwnerThread (5 bytes)
Event: 0.695 Thread 0x02712000 nmethod 63 0x0286cac8 code [0x0286cbc0, 0x0286cc40]
Event: 0.743 Thread 0x02712000   65             java.awt.Container::findComponentAtImpl (315 bytes)
Event: 0.745 Thread 0x02712000 nmethod 65 0x0286cf48 code [0x0286d120, 0x0286d6e4]
Event: 0.895 Thread 0x02712000   66             java.util.concurrent.locks.AbstractQueuedSynchronizer::setState (6 bytes)
Event: 0.895 Thread 0x02712000 nmethod 66 0x0286db48 code [0x0286dc40, 0x0286dcc0]
Event: 1.060 Thread 0x02712000   67             sun.awt.AWTAutoShutdown::getInstance (4 bytes)
Event: 1.060 Thread 0x02712000 nmethod 67 0x0286dd08 code [0x0286de00, 0x0286de70]

GC Heap History (0 events):
No events

Deoptimization events (0 events):
No events

Internal exceptions (10 events):
Event: 0.096 Thread 0x027bc000 Threw 0x24b22d80 at C:\re\jdk7u45\229\hotspot\src\share\vm\prims\jvm.cpp:1244
Event: 0.096 Thread 0x027bc000 Threw 0x24b23b98 at C:\re\jdk7u45\229\hotspot\src\share\vm\prims\jvm.cpp:1244
Event: 0.151 Thread 0x027bc000 Threw 0x24b8faa0 at C:\re\jdk7u45\229\hotspot\src\share\vm\prims\jvm.cpp:1244
Event: 0.153 Thread 0x04e3d800 Threw 0x24bad1a8 at C:\re\jdk7u45\229\hotspot\src\share\vm\prims\jvm.cpp:1244
Event: 0.157 Thread 0x04e3d800 Threw 0x24baebf0 at C:\re\jdk7u45\229\hotspot\src\share\vm\prims\jvm.cpp:1244
Event: 0.160 Thread 0x04e3d800 Threw 0x24bb0ac8 at C:\re\jdk7u45\229\hotspot\src\share\vm\prims\jvm.cpp:1244
Event: 0.199 Thread 0x04e3d800 Threw 0x24bbe7d0 at C:\re\jdk7u45\229\hotspot\src\share\vm\prims\jvm.cpp:1244
Event: 0.211 Thread 0x04e3d800 Threw 0x24bc19f0 at C:\re\jdk7u45\229\hotspot\src\share\vm\prims\jvm.cpp:1244
Event: 0.221 Thread 0x04e5d400 Threw 0x24e62488 at C:\re\jdk7u45\229\hotspot\src\share\vm\prims\jvm.cpp:1244
Event: 0.222 Thread 0x04e5d400 Threw 0x24e63848 at C:\re\jdk7u45\229\hotspot\src\share\vm\prims\jni.cpp:743

Events (10 events):
Event: 0.221 loading class 0x02748c08
Event: 0.221 loading class 0x02748c08 done
Event: 0.222 loading class 0x3a07d2d0
Event: 0.222 loading class 0x3a07d470
Event: 0.222 loading class 0x3a07d470 done
Event: 0.222 loading class 0x3a07d2d0 done
Event: 0.222 Thread 0x04e5d400 Thread exited: 0x04e5d400
Event: 1.639 Thread 0x04e5d400 Thread added: 0x04e5d400
Event: 1.639 Thread 0x04e5e400 Thread added: 0x04e5e400
Event: 1.639 Thread 0x04e5ec00 Thread added: 0x04e5ec00


Dynamic libraries:
0x008c0000 - 0x008ef000 	C:\Program Files (x86)\Java\jre7\bin\javaw.exe
0x774b0000 - 0x77618000 	C:\Windows\SYSTEM32\ntdll.dll
0x751a0000 - 0x752e0000 	C:\Windows\SYSTEM32\KERNEL32.DLL
0x756e0000 - 0x757af000 	C:\Windows\SYSTEM32\KERNELBASE.dll
0x6fc00000 - 0x6fc9a000 	C:\Windows\system32\apphelp.dll
0x60e90000 - 0x610e2000 	C:\Windows\AppPatch\AcGenral.DLL
0x771f0000 - 0x772ae000 	C:\Windows\SYSTEM32\msvcrt.dll
0x76ff0000 - 0x7702e000 	C:\Windows\SYSTEM32\sechost.dll
0x74ee0000 - 0x74efd000 	C:\Windows\SYSTEM32\SspiCli.dll
0x772b0000 - 0x772f1000 	C:\Windows\SYSTEM32\SHLWAPI.dll
0x703c0000 - 0x7049c000 	C:\Windows\SYSTEM32\UxTheme.dll
0x75360000 - 0x754af000 	C:\Windows\SYSTEM32\USER32.dll
0x754b0000 - 0x755b8000 	C:\Windows\SYSTEM32\GDI32.dll
0x730f0000 - 0x73110000 	C:\Windows\SYSTEM32\WINMM.dll
0x749a0000 - 0x749b2000 	C:\Windows\SYSTEM32\samcli.dll
0x75860000 - 0x7596b000 	C:\Windows\SYSTEM32\ole32.dll
0x75970000 - 0x759f7000 	C:\Windows\SYSTEM32\OLEAUT32.dll
0x73160000 - 0x73175000 	C:\Windows\SYSTEM32\MSACM32.dll
0x70aa0000 - 0x70aa8000 	C:\Windows\SYSTEM32\VERSION.dll
0x75b80000 - 0x76d23000 	C:\Windows\SYSTEM32\SHELL32.dll
0x745a0000 - 0x745b9000 	C:\Windows\SYSTEM32\USERENV.dll
0x707d0000 - 0x707e9000 	C:\Windows\SYSTEM32\dwmapi.dll
0x72e10000 - 0x72f35000 	C:\Windows\SYSTEM32\urlmon.dll
0x752e0000 - 0x75357000 	C:\Windows\SYSTEM32\ADVAPI32.dll
0x74520000 - 0x7457e000 	C:\Windows\SYSTEM32\WINSPOOL.DRV
0x70860000 - 0x70874000 	C:\Windows\SYSTEM32\MPR.dll
0x77300000 - 0x773b1000 	C:\Windows\SYSTEM32\RPCRT4.dll
0x74ed0000 - 0x74ed9000 	C:\Windows\SYSTEM32\CRYPTBASE.dll
0x770a0000 - 0x771ee000 	C:\Windows\SYSTEM32\combase.dll
0x730d0000 - 0x730f0000 	C:\Windows\SYSTEM32\WINMMBASE.dll
0x74400000 - 0x7440e000 	C:\Windows\SYSTEM32\profapi.dll
0x72bf0000 - 0x72e05000 	C:\Windows\SYSTEM32\iertutil.dll
0x72a20000 - 0x72be4000 	C:\Windows\SYSTEM32\WININET.dll
0x74e70000 - 0x74ec1000 	C:\Windows\SYSTEM32\bcryptPrimitives.dll
0x77060000 - 0x7709a000 	C:\Windows\SYSTEM32\cfgmgr32.dll
0x73130000 - 0x7314f000 	C:\Windows\SYSTEM32\DEVOBJ.dll
0x74370000 - 0x743e7000 	C:\Windows\SYSTEM32\SHCORE.DLL
0x77030000 - 0x77055000 	C:\Windows\system32\IMM32.DLL
0x755e0000 - 0x756d7000 	C:\Windows\SYSTEM32\MSCTF.dll
0x74d30000 - 0x74d87000 	C:\WINDOWS\SYSTEM32\nvinit.dll
0x6eec0000 - 0x6f0a5000 	C:\Windows\WinSxS\x86_microsoft.windows.common-controls_6595b64144ccf1df_6.0.9600.16384_none_a9f4965301334e09\COMCTL32.dll
0x6f4e0000 - 0x6f59f000 	C:\Program Files (x86)\Java\jre7\bin\msvcr100.dll
0x682c0000 - 0x68640000 	C:\Program Files (x86)\Java\jre7\bin\client\jvm.dll
0x74410000 - 0x74418000 	C:\Windows\SYSTEM32\WSOCK32.dll
0x755c0000 - 0x755c6000 	C:\Windows\SYSTEM32\PSAPI.DLL
0x75810000 - 0x7585d000 	C:\Windows\SYSTEM32\WS2_32.dll
0x773c0000 - 0x773c7000 	C:\Windows\SYSTEM32\NSI.dll
0x73150000 - 0x7315c000 	C:\Program Files (x86)\Java\jre7\bin\verify.dll
0x71f00000 - 0x71f20000 	C:\Program Files (x86)\Java\jre7\bin\java.dll
0x71ed0000 - 0x71ee3000 	C:\Program Files (x86)\Java\jre7\bin\zip.dll
0x6bde0000 - 0x6bf23000 	C:\Program Files (x86)\Java\jre7\bin\awt.dll
0x74720000 - 0x7478b000 	C:\Program Files (x86)\Common Files\microsoft shared\ink\tiptsf.dll
0x74c70000 - 0x74c79000 	C:\Windows\SYSTEM32\kernel.appcore.dll
0x71560000 - 0x71598000 	C:\Program Files (x86)\Java\jre7\bin\fontmanager.dll
0x732d0000 - 0x73307000 	C:\Program Files\WIDCOMM\Bluetooth Software\SysWOW64\BtMmHook.dll
0x74640000 - 0x74688000 	C:\Windows\SYSTEM32\oleacc.dll
0x710c0000 - 0x710d4000 	C:\Program Files (x86)\Java\jre7\bin\net.dll
0x71e30000 - 0x71e75000 	C:\Windows\system32\mswsock.dll
0x71ec0000 - 0x71ecf000 	C:\Program Files (x86)\Java\jre7\bin\nio.dll
0x6f110000 - 0x6f140000 	C:\Program Files (x86)\Java\jre7\bin\t2k.dll
0x65900000 - 0x65916000 	C:\Users\Martin\AppData\Local\Temp\TSDRLibrary.dll
0x68c00000 - 0x68c15000 	C:\Users\Martin\AppData\Local\Temp\TSDRLibraryNDK.dll
0x75100000 - 0x7517d000 	C:\Windows\SYSTEM32\clbcatq.dll
0x74790000 - 0x748d8000 	C:\Windows\SYSTEM32\dbghelp.dll

VM Arguments:
jvm_args: -Dfile.encoding=Cp1251 
java_command: martin.tempest.Main
Launcher Type: SUN_STANDARD

Environment Variables:
CLASSPATH=.;C:\Program Files (x86)\Java\jre7\lib\ext\QTJava.zip
PATH=C:\PROGRAM FILES (X86)\NVIDIA CORPORATION\PHYSX\COMMON;C:\PROGRAM FILES\BROADCOM\BROADCOM 802.11 NETWORK ADAPTER;C:\PROGRAM FILES (X86)\INTEL\ICLS CLIENT\;C:\PROGRAM FILES\INTEL\ICLS CLIENT\;C:\WINDOWS\SYSTEM32;C:\WINDOWS;C:\WINDOWS\SYSTEM32\WBEM;C:\WINDOWS\SYSTEM32\WINDOWSPOWERSHELL\V1.0\;C:\PROGRAM FILES\INTEL\INTEL(R) MANAGEMENT ENGINE COMPONENTS\DAL;C:\PROGRAM FILES\INTEL\INTEL(R) MANAGEMENT ENGINE COMPONENTS\IPT;C:\PROGRAM FILES (X86)\INTEL\INTEL(R) MANAGEMENT ENGINE COMPONENTS\DAL;C:\PROGRAM FILES (X86)\INTEL\INTEL(R) MANAGEMENT ENGINE COMPONENTS\IPT;C:\PROGRAM FILES (X86)\INTEL\OPENCL SDK\2.0\BIN\X86;C:\PROGRAM FILES (X86)\INTEL\OPENCL SDK\2.0\BIN\X64;C:\PROGRAM FILES\SONY\VAIO IMPROVEMENT;C:\PROGRAM FILES (X86)\SONY\VAIO BIOS DATA TRANSFER UTILITY\;C:\PROGRAM FILES (X86)\SONY\VAIO STARTUP SETTING TOOL;C:\Program Files\WIDCOMM\Bluetooth Software\;C:\Program Files\WIDCOMM\Bluetooth Software\syswow64;C:\Program Files (x86)\MiKTeX 2.9\miktex\bin\;C:\Program Files (x86)\QuickTime\QTSystem\;C:\Program Files\MATLAB\R2013a\runtime\win64;C:\Program Files\MATLAB\R2013a\bin;C:\Program Files (x86)\Windows Kits\8.1\Windows Performance Toolkit\;C:\Program Files\Microsoft SQL Server\110\Tools\Binn\;C:\Program Files\Calibre2\;C:\Program Files (x86)\Nmap;C:\MinGW\bin;C:\MinGW\msys\1.0\bin;C:\Program Files (x86)\Java\jdk1.7.0_45\bin
USERNAME=Martin
OS=Windows_NT
PROCESSOR_IDENTIFIER=Intel64 Family 6 Model 58 Stepping 9, GenuineIntel



---------------  S Y S T E M  ---------------

OS: Windows 8 , 64 bit Build 9200 

CPU:total 4 (2 cores per cpu, 2 threads per core) family 6 model 58 stepping 9, cmov, cx8, fxsr, mmx, sse, sse2, sse3, ssse3, sse4.1, sse4.2, popcnt, avx, aes, erms, ht, tsc, tscinvbit, tscinv

Memory: 4k page, physical 8264496k(5022100k free), swap 9575216k(5944876k free)

vm_info: Java HotSpot(TM) Client VM (24.45-b08) for windows-x86 JRE (1.7.0_45-b18), built on Oct  8 2013 06:02:43 by "java_re" with unknown MS VC++:1600

time: Sat Dec 14 20:23:49 2013
elapsed time: 1 seconds

