#
# A fatal error has been detected by the Java Runtime Environment:
#
#  EXCEPTION_ACCESS_VIOLATION (0xc0000005) at pc=0x65901747, pid=5352, tid=3136
#
# JRE version: Java(TM) SE Runtime Environment (7.0_45-b18) (build 1.7.0_45-b18)
# Java VM: Java HotSpot(TM) Client VM (24.45-b08 mixed mode, sharing windows-x86 )
# Problematic frame:
# C  [TSDRLibrary.dll+0x1747]
#
# Failed to write core dump. Minidumps are not enabled by default on client versions of Windows
#
# If you would like to submit a bug report, please visit:
#   http://bugreport.sun.com/bugreport/crash.jsp
# The crash happened outside the Java Virtual Machine in native code.
# See problematic frame for where to report the bug.
#

---------------  T H R E A D  ---------------

Current thread (0x050e5800):  JavaThread "Thread-4" [_thread_in_native, id=3136, stack(0x06640000,0x06690000)]

siginfo: ExceptionCode=0xc0000005, writing address 0x0691a000

Registers:
EAX=0x0691a000, EBX=0x521df480, ECX=0x76d65eb0, EDX=0x00287fe0
ESP=0x0668f100, EBP=0x0668f1c8, ESI=0x34a964e8, EDI=0x050e5800
EIP=0x65901747, EFLAGS=0x00010206

Top of Stack: (sp=0x0668f100)
0x0668f100:   00000000 3f000240 00200000 771c14b1
0x0668f110:   0000006c 00200000 0668f0fc 7716f584
0x0668f120:   0668f19c 76cdb2cd 027f0c7f 3ae4de58
0x0668f130:   76cd0bed 76cd4580 00000003 3e34af6d
0x0668f140:   3ae4de58 00035eb9 a351ce29 3f76a235
0x0668f150:   00000000 3f604000 00000000 3f752000
0x0668f160:   011f9200 3f800000 00000000 00000000
0x0668f170:   00000000 00000000 76d64c68 00080486 

Instructions: (pc=0x65901747)
0x65901727:   45 d4 8d 50 01 89 55 d4 8d 14 85 00 00 00 00 8b
0x65901737:   45 f4 01 d0 d9 85 78 ff ff ff d8 65 a0 d8 4d 9c
0x65901747:   d9 18 d9 ee dd 5d e0 dd 45 e8 dc 45 b8 dd 5d e8
0x65901757:   db 85 7c ff ff ff dd 45 e8 d9 c9 df e9 dd d8 0f 


Register to memory mapping:

EAX=0x0691a000 is an unknown value
EBX=0x521df480 is an unknown value
ECX=0x76d65eb0 is an unknown value
EDX=0x00287fe0 is an unknown value
ESP=0x0668f100 is pointing into the stack for thread: 0x050e5800
EBP=0x0668f1c8 is pointing into the stack for thread: 0x050e5800
ESI=0x34a964e8 is pointing into object: 0x34a964b8
{constMethod} 
 - klass: {other class}
 - constants:       0x34a954a0 constant pool [372] for 'martin/tempest/core/TSDRLibrary' cache=0x34b0bfe8
EDI=0x050e5800 is a thread


Stack: [0x06640000,0x06690000],  sp=0x0668f100,  free space=316k
Native frames: (J=compiled Java code, j=interpreted, Vv=VM code, C=native code)
C  [TSDRLibrary.dll+0x1747]
C  [TSDRPlugin_RawFile.dll+0x1474]
C  [TSDRLibrary.dll+0x1a2d]
C  [TSDRLibraryNDK.dll+0x1b45]
j  martin.tempest.core.TSDRLibrary.nativeStart(Ljava/lang/String;Ljava/lang/String;)V+0
j  martin.tempest.core.TSDRLibrary.access$0(Lmartin/tempest/core/TSDRLibrary;Ljava/lang/String;Ljava/lang/String;)V+3
j  martin.tempest.core.TSDRLibrary$2.run()V+15
v  ~StubRoutines::call_stub
V  [jvm.dll+0x13f1fa]
V  [jvm.dll+0x202aee]
V  [jvm.dll+0x13f3c5]
V  [jvm.dll+0x13f427]
V  [jvm.dll+0xeb81f]
V  [jvm.dll+0x16042c]
V  [jvm.dll+0x160e67]
V  [jvm.dll+0x1a49f9]
C  [msvcr100.dll+0x5c556]
C  [msvcr100.dll+0x5c600]
C  [KERNEL32.DLL+0x1495d]
C  [ntdll.dll+0x498ee]
C  [ntdll.dll+0x498c4]

Java frames: (J=compiled Java code, j=interpreted, Vv=VM code)
j  martin.tempest.core.TSDRLibrary.nativeStart(Ljava/lang/String;Ljava/lang/String;)V+0
j  martin.tempest.core.TSDRLibrary.access$0(Lmartin/tempest/core/TSDRLibrary;Ljava/lang/String;Ljava/lang/String;)V+3
j  martin.tempest.core.TSDRLibrary$2.run()V+15
v  ~StubRoutines::call_stub

---------------  P R O C E S S  ---------------

Java Threads: ( => current thread )
=>0x050e5800 JavaThread "Thread-4" [_thread_in_native, id=3136, stack(0x06640000,0x06690000)]
  0x00f8c000 JavaThread "DestroyJavaVM" [_thread_blocked, id=5104, stack(0x00fd0000,0x01020000)]
  0x050b8000 JavaThread "AWT-EventQueue-0" [_thread_blocked, id=7116, stack(0x06170000,0x061c0000)]
  0x0116e000 JavaThread "AWT-Windows" daemon [_thread_in_native, id=1568, stack(0x057b0000,0x05800000)]
  0x0116dc00 JavaThread "AWT-Shutdown" [_thread_blocked, id=7016, stack(0x05720000,0x05770000)]
  0x0116d400 JavaThread "Java2D Disposer" daemon [_thread_blocked, id=7212, stack(0x05690000,0x056e0000)]
  0x0110b400 JavaThread "Service Thread" daemon [_thread_blocked, id=6764, stack(0x04f90000,0x04fe0000)]
  0x01101400 JavaThread "C1 CompilerThread0" daemon [_thread_blocked, id=7784, stack(0x04f00000,0x04f50000)]
  0x010ff000 JavaThread "Attach Listener" daemon [_thread_blocked, id=1380, stack(0x04e70000,0x04ec0000)]
  0x010fcc00 JavaThread "Signal Dispatcher" daemon [_thread_blocked, id=7796, stack(0x04de0000,0x04e30000)]
  0x01090c00 JavaThread "Finalizer" daemon [_thread_blocked, id=7940, stack(0x04d50000,0x04da0000)]
  0x0108f400 JavaThread "Reference Handler" daemon [_thread_blocked, id=5232, stack(0x02cb0000,0x02d00000)]

Other Threads:
  0x0108dc00 VMThread [stack: 0x02c20000,0x02c70000] [id=1524]
  0x0111ec00 WatcherThread [stack: 0x05020000,0x05070000] [id=6424]

VM state:not at safepoint (normal execution)

VM Mutex/Monitor currently owned by a thread: None

Heap
 def new generation   total 4928K, used 4129K [0x24a70000, 0x24fc0000, 0x29fc0000)
  eden space 4416K,  93% used [0x24a70000, 0x24e78400, 0x24ec0000)
  from space 512K,   0% used [0x24ec0000, 0x24ec0000, 0x24f40000)
  to   space 512K,   0% used [0x24f40000, 0x24f40000, 0x24fc0000)
 tenured generation   total 10944K, used 0K [0x29fc0000, 0x2aa70000, 0x34a70000)
   the space 10944K,   0% used [0x29fc0000, 0x29fc0000, 0x29fc0200, 0x2aa70000)
 compacting perm gen  total 12288K, used 709K [0x34a70000, 0x35670000, 0x38a70000)
   the space 12288K,   5% used [0x34a70000, 0x34b216f8, 0x34b21800, 0x35670000)
    ro space 10240K,  41% used [0x38a70000, 0x38ea1a78, 0x38ea1c00, 0x39470000)
    rw space 12288K,  52% used [0x39470000, 0x39ab62c0, 0x39ab6400, 0x3a070000)

Card table byte_map: [0x02b70000,0x02c20000] byte_map_base: 0x02a4ac80

Polling page: 0x01020000

Code Cache  [0x02d10000, 0x02dc0000, 0x04d10000)
 total_blobs=258 nmethods=55 adapters=140 free_code_cache=32083Kb largest_free_block=32853248

Compilation events (10 events):
Event: 0.199 Thread 0x01101400   50             java.nio.Buffer::nextGetIndex (31 bytes)
Event: 0.199 Thread 0x01101400 nmethod 50 0x02db9a08 code [0x02db9b10, 0x02db9c0c]
Event: 0.199 Thread 0x01101400   51             java.nio.Bits::getCharB (16 bytes)
Event: 0.199 Thread 0x01101400 nmethod 51 0x02db9cc8 code [0x02db9de0, 0x02db9eb8]
Event: 0.199 Thread 0x01101400   52             java.nio.Bits::makeChar (12 bytes)
Event: 0.199 Thread 0x01101400 nmethod 52 0x02db9f48 code [0x02dba040, 0x02dba0c0]
Event: 0.200 Thread 0x01101400   53             java.nio.ByteBufferAsCharBufferB::get (16 bytes)
Event: 0.200 Thread 0x01101400 nmethod 53 0x02dba108 code [0x02dba230, 0x02dba3a4]
Event: 0.200 Thread 0x01101400   54             java.nio.ByteBufferAsCharBufferB::ix (9 bytes)
Event: 0.200 Thread 0x01101400 nmethod 54 0x02dba4c8 code [0x02dba5c0, 0x02dba640]

GC Heap History (0 events):
No events

Deoptimization events (0 events):
No events

Internal exceptions (10 events):
Event: 0.114 Thread 0x00f8c000 Threw 0x24b1f608 at C:\re\jdk7u45\229\hotspot\src\share\vm\prims\jvm.cpp:1244
Event: 0.114 Thread 0x00f8c000 Threw 0x24b20420 at C:\re\jdk7u45\229\hotspot\src\share\vm\prims\jvm.cpp:1244
Event: 0.115 Thread 0x00f8c000 Threw 0x24b22f30 at C:\re\jdk7u45\229\hotspot\src\share\vm\prims\jvm.cpp:1244
Event: 0.115 Thread 0x00f8c000 Threw 0x24b23d48 at C:\re\jdk7u45\229\hotspot\src\share\vm\prims\jvm.cpp:1244
Event: 0.174 Thread 0x00f8c000 Threw 0x24b8fa50 at C:\re\jdk7u45\229\hotspot\src\share\vm\prims\jvm.cpp:1244
Event: 0.175 Thread 0x050c4800 Threw 0x24bae738 at C:\re\jdk7u45\229\hotspot\src\share\vm\prims\jvm.cpp:1244
Event: 0.176 Thread 0x050c4800 Threw 0x24bb0180 at C:\re\jdk7u45\229\hotspot\src\share\vm\prims\jvm.cpp:1244
Event: 0.178 Thread 0x050c4800 Threw 0x24bb2058 at C:\re\jdk7u45\229\hotspot\src\share\vm\prims\jvm.cpp:1244
Event: 0.217 Thread 0x050c4800 Threw 0x24bbf8c0 at C:\re\jdk7u45\229\hotspot\src\share\vm\prims\jvm.cpp:1244
Event: 0.231 Thread 0x050c4800 Threw 0x24bc2ae0 at C:\re\jdk7u45\229\hotspot\src\share\vm\prims\jvm.cpp:1244

Events (10 events):
Event: 0.207 loading class 0x3a0e02c0
Event: 0.207 loading class 0x3a0e02c0 done
Event: 0.208 loading class 0x3a0b0f20
Event: 0.208 loading class 0x3a0b0f20 done
Event: 0.217 loading class 0x01096d90
Event: 0.217 loading class 0x01096d90 done
Event: 0.231 loading class 0x01096b98
Event: 0.231 loading class 0x01096b98 done
Event: 0.232 Thread 0x050e5800 Thread added: 0x050e5800
Event: 0.232 Thread 0x050c4800 Thread exited: 0x050c4800


Dynamic libraries:
0x01200000 - 0x0122f000 	C:\Program Files (x86)\Java\jre7\bin\javaw.exe
0x77130000 - 0x77298000 	C:\WINDOWS\SYSTEM32\ntdll.dll
0x76f20000 - 0x77060000 	C:\WINDOWS\SYSTEM32\KERNEL32.DLL
0x76d70000 - 0x76e3f000 	C:\WINDOWS\SYSTEM32\KERNELBASE.dll
0x6f8e0000 - 0x6f97a000 	C:\WINDOWS\system32\apphelp.dll
0x73160000 - 0x733b2000 	C:\WINDOWS\AppPatch\AcGenral.DLL
0x76cb0000 - 0x76d6e000 	C:\WINDOWS\SYSTEM32\msvcrt.dll
0x74eb0000 - 0x74eee000 	C:\WINDOWS\SYSTEM32\sechost.dll
0x74b60000 - 0x74b7d000 	C:\WINDOWS\SYSTEM32\SspiCli.dll
0x75180000 - 0x751c1000 	C:\WINDOWS\SYSTEM32\SHLWAPI.dll
0x700a0000 - 0x7017c000 	C:\WINDOWS\SYSTEM32\UxTheme.dll
0x764d0000 - 0x7661f000 	C:\WINDOWS\SYSTEM32\USER32.dll
0x74bc0000 - 0x74cc8000 	C:\WINDOWS\SYSTEM32\GDI32.dll
0x72dd0000 - 0x72df0000 	C:\WINDOWS\SYSTEM32\WINMM.dll
0x74ab0000 - 0x74ac2000 	C:\WINDOWS\SYSTEM32\samcli.dll
0x76ba0000 - 0x76cab000 	C:\WINDOWS\SYSTEM32\ole32.dll
0x76a50000 - 0x76ad7000 	C:\WINDOWS\SYSTEM32\OLEAUT32.dll
0x74a20000 - 0x74a35000 	C:\WINDOWS\SYSTEM32\MSACM32.dll
0x70780000 - 0x70788000 	C:\WINDOWS\SYSTEM32\VERSION.dll
0x751d0000 - 0x76373000 	C:\WINDOWS\SYSTEM32\SHELL32.dll
0x74920000 - 0x74939000 	C:\WINDOWS\SYSTEM32\USERENV.dll
0x704b0000 - 0x704c9000 	C:\WINDOWS\SYSTEM32\dwmapi.dll
0x72af0000 - 0x72c15000 	C:\WINDOWS\SYSTEM32\urlmon.dll
0x74ef0000 - 0x74f67000 	C:\WINDOWS\SYSTEM32\ADVAPI32.dll
0x74120000 - 0x7417e000 	C:\WINDOWS\SYSTEM32\WINSPOOL.DRV
0x70540000 - 0x70554000 	C:\WINDOWS\SYSTEM32\MPR.dll
0x76ae0000 - 0x76b91000 	C:\WINDOWS\SYSTEM32\RPCRT4.dll
0x74b50000 - 0x74b59000 	C:\WINDOWS\SYSTEM32\CRYPTBASE.dll
0x74d60000 - 0x74eae000 	C:\WINDOWS\SYSTEM32\combase.dll
0x72db0000 - 0x72dd0000 	C:\WINDOWS\SYSTEM32\WINMMBASE.dll
0x740e0000 - 0x740ee000 	C:\WINDOWS\SYSTEM32\profapi.dll
0x728d0000 - 0x72ae5000 	C:\WINDOWS\SYSTEM32\iertutil.dll
0x72700000 - 0x728c4000 	C:\WINDOWS\SYSTEM32\WININET.dll
0x74af0000 - 0x74b41000 	C:\WINDOWS\SYSTEM32\bcryptPrimitives.dll
0x76ee0000 - 0x76f1a000 	C:\WINDOWS\SYSTEM32\cfgmgr32.dll
0x72e10000 - 0x72e2f000 	C:\WINDOWS\SYSTEM32\DEVOBJ.dll
0x72f30000 - 0x72fa7000 	C:\WINDOWS\SYSTEM32\SHCORE.DLL
0x767a0000 - 0x767c5000 	C:\WINDOWS\system32\IMM32.DLL
0x76630000 - 0x76727000 	C:\WINDOWS\SYSTEM32\MSCTF.dll
0x6ed70000 - 0x6ef55000 	C:\WINDOWS\WinSxS\x86_microsoft.windows.common-controls_6595b64144ccf1df_6.0.9600.16384_none_a9f4965301334e09\COMCTL32.dll
0x524a0000 - 0x5255f000 	C:\Program Files (x86)\Java\jre7\bin\msvcr100.dll
0x52120000 - 0x524a0000 	C:\Program Files (x86)\Java\jre7\bin\client\jvm.dll
0x740f0000 - 0x740f8000 	C:\WINDOWS\SYSTEM32\WSOCK32.dll
0x74bb0000 - 0x74bb6000 	C:\WINDOWS\SYSTEM32\PSAPI.DLL
0x767d0000 - 0x7681d000 	C:\WINDOWS\SYSTEM32\WS2_32.dll
0x76620000 - 0x76627000 	C:\WINDOWS\SYSTEM32\NSI.dll
0x52110000 - 0x5211c000 	C:\Program Files (x86)\Java\jre7\bin\verify.dll
0x520f0000 - 0x52110000 	C:\Program Files (x86)\Java\jre7\bin\java.dll
0x520d0000 - 0x520e3000 	C:\Program Files (x86)\Java\jre7\bin\zip.dll
0x51f80000 - 0x520c3000 	C:\Program Files (x86)\Java\jre7\bin\awt.dll
0x741a0000 - 0x7420b000 	C:\Program Files (x86)\Common Files\microsoft shared\ink\tiptsf.dll
0x74950000 - 0x74959000 	C:\WINDOWS\SYSTEM32\kernel.appcore.dll
0x51f40000 - 0x51f78000 	C:\Program Files (x86)\Java\jre7\bin\fontmanager.dll
0x74020000 - 0x74057000 	C:\Program Files\WIDCOMM\Bluetooth Software\SysWOW64\BtMmHook.dll
0x73dd0000 - 0x73e18000 	C:\WINDOWS\SYSTEM32\oleacc.dll
0x51f20000 - 0x51f34000 	C:\Program Files (x86)\Java\jre7\bin\net.dll
0x72640000 - 0x72685000 	C:\WINDOWS\system32\mswsock.dll
0x51f10000 - 0x51f1f000 	C:\Program Files (x86)\Java\jre7\bin\nio.dll
0x65900000 - 0x65915000 	C:\Users\Martin\AppData\Local\Temp\TSDRLibrary.dll
0x51ee0000 - 0x51f10000 	C:\Program Files (x86)\Java\jre7\bin\t2k.dll
0x68c00000 - 0x68c15000 	C:\Users\Martin\AppData\Local\Temp\TSDRLibraryNDK.dll
0x67000000 - 0x67014000 	C:\Users\Martin\AppData\Local\Temp\TSDRPlugin_RawFile.dll
0x6e940000 - 0x6e962000 	C:\MinGW\bin\libgcc_s_dw2-1.dll
0x73eb0000 - 0x73ff8000 	C:\WINDOWS\SYSTEM32\dbghelp.dll

VM Arguments:
jvm_args: -Dfile.encoding=Cp1251 
java_command: martin.tempest.Main
Launcher Type: SUN_STANDARD

Environment Variables:
CLASSPATH=.;C:\Program Files (x86)\Java\jre7\lib\ext\QTJava.zip
PATH=C:\PROGRAM FILES (X86)\NVIDIA CORPORATION\PHYSX\COMMON;C:\PROGRAM FILES\BROADCOM\BROADCOM 802.11 NETWORK ADAPTER;C:\PROGRAM FILES (X86)\INTEL\ICLS CLIENT\;C:\PROGRAM FILES\INTEL\ICLS CLIENT\;C:\WINDOWS\SYSTEM32;C:\WINDOWS;C:\WINDOWS\SYSTEM32\WBEM;C:\WINDOWS\SYSTEM32\WINDOWSPOWERSHELL\V1.0\;C:\PROGRAM FILES\INTEL\INTEL(R) MANAGEMENT ENGINE COMPONENTS\DAL;C:\PROGRAM FILES\INTEL\INTEL(R) MANAGEMENT ENGINE COMPONENTS\IPT;C:\PROGRAM FILES (X86)\INTEL\INTEL(R) MANAGEMENT ENGINE COMPONENTS\DAL;C:\PROGRAM FILES (X86)\INTEL\INTEL(R) MANAGEMENT ENGINE COMPONENTS\IPT;C:\PROGRAM FILES (X86)\INTEL\OPENCL SDK\2.0\BIN\X86;C:\PROGRAM FILES (X86)\INTEL\OPENCL SDK\2.0\BIN\X64;C:\PROGRAM FILES\SONY\VAIO IMPROVEMENT;C:\PROGRAM FILES (X86)\SONY\VAIO BIOS DATA TRANSFER UTILITY\;C:\PROGRAM FILES (X86)\SONY\VAIO STARTUP SETTING TOOL;C:\Program Files\WIDCOMM\Bluetooth Software\;C:\Program Files\WIDCOMM\Bluetooth Software\syswow64;C:\Program Files (x86)\MiKTeX 2.9\miktex\bin\;C:\Program Files (x86)\QuickTime\QTSystem\;C:\Program Files\MATLAB\R2013a\runtime\win64;C:\Program Files\MATLAB\R2013a\bin;C:\Program Files (x86)\Windows Kits\8.1\Windows Performance Toolkit\;C:\Program Files\Microsoft SQL Server\110\Tools\Binn\;C:\Program Files (x86)\Nmap;C:\MinGW\bin;C:\MinGW\msys\1.0\bin;C:\Program Files (x86)\Java\jdk1.7.0_45\bin
USERNAME=Martin
OS=Windows_NT
PROCESSOR_IDENTIFIER=Intel64 Family 6 Model 58 Stepping 9, GenuineIntel



---------------  S Y S T E M  ---------------

OS: Windows 8 , 64 bit Build 9200 

CPU:total 4 (2 cores per cpu, 2 threads per core) family 6 model 58 stepping 9, cmov, cx8, fxsr, mmx, sse, sse2, sse3, ssse3, sse4.1, sse4.2, popcnt, avx, aes, erms, ht, tsc, tscinvbit, tscinv

Memory: 4k page, physical 8264496k(5136956k free), swap 9575216k(5515080k free)

vm_info: Java HotSpot(TM) Client VM (24.45-b08) for windows-x86 JRE (1.7.0_45-b18), built on Oct  8 2013 06:02:43 by "java_re" with unknown MS VC++:1600

time: Fri Dec 13 03:59:12 2013
elapsed time: 0 seconds

